C51 COMPILER V9.60.0.0   DS1302                                                            09/01/2023 10:34:29 PAGE 1   


C51 COMPILER V9.60.0.0, COMPILATION OF MODULE DS1302
OBJECT MODULE PLACED IN .\Objects\DS1302.obj
COMPILER INVOKED BY: D:\Keil_v5\C51\BIN\C51.EXE DS1302.c OPTIMIZE(8,SPEED) BROWSE DEBUG OBJECTEXTEND PRINT(.\Listings\DS
                    -1302.lst) TABS(2) OBJECT(.\Objects\DS1302.obj)

line level    source

   1          #include <REGX52.H>
   2          #include "AT24C02.h"
   3          #include "Delay.h"
   4          //å¼•è„šå®šä¹‰
   5          sbit DS1302_SCLK=P3^6;
   6          sbit DS1302_IO=P3^4;
   7          sbit DS1302_CE=P3^5;
   8          
   9          //å¯„å­˜å™¨å†™å…¥åœ°å€/æŒ‡ä»¤å®šä¹‰
  10          #define DS1302_SECOND   0x80
  11          #define DS1302_MINUTE   0x82
  12          #define DS1302_HOUR     0x84
  13          #define DS1302_DATE     0x86
  14          #define DS1302_MONTH    0x88
  15          #define DS1302_DAY      0x8A
  16          #define DS1302_YEAR     0x8C
  17          #define DS1302_WP     0x8E
  18          
  19          //æ—¶é—´æ•°ç»„ï¼Œç´¢å¼•0~6åˆ†åˆ«ä¸ºå¹´ã€æœˆã€æ—¥ã€æ—¶ã€åˆ†ã€ç§’ã€æ˜ŸæœŸï¼Œè®¾ç½®ä¸ºæœ‰ç¬¦å·çš„ä¾¿äº
             -<0çš„åˆ¤æ–­
  20          unsigned char DS1302_Time[]={23,8,28,00,00,00,1};
  21          
  22          /**
  23            * @brief  DS1302åˆå§‹åŒ–
  24            * @param  æ— 
  25            * @retval æ— 
  26            */
  27          void DS1302_Init(void)
  28          {
  29   1        DS1302_CE=0;
  30   1        DS1302_SCLK=0;
  31   1      }
  32          
  33          /**
  34            * @brief  DS1302å†™ä¸€ä¸ªå­—èŠ‚
  35            * @param  Command å‘½ä»¤å­—/åœ°å€
  36            * @param  Data è¦å†™å…¥çš„æ•°æ®
  37            * @retval æ— 
  38            */
  39          void DS1302_WriteByte(unsigned char Command,Data)
  40          {
  41   1        unsigned char i;
  42   1        DS1302_CE=1;
  43   1        for(i=0;i<8;i++)
  44   1        {
  45   2          DS1302_IO=Command&(0x01<<i);
  46   2          DS1302_SCLK=1;
  47   2          DS1302_SCLK=0;
  48   2        }
  49   1        for(i=0;i<8;i++)
  50   1        {
  51   2          DS1302_IO=Data&(0x01<<i);
  52   2          DS1302_SCLK=1;
  53   2          DS1302_SCLK=0;
C51 COMPILER V9.60.0.0   DS1302                                                            09/01/2023 10:34:29 PAGE 2   

  54   2        }
  55   1        DS1302_CE=0;
  56   1      }
  57          
  58          /**
  59            * @brief  DS1302è¯»ä¸€ä¸ªå­—èŠ‚
  60            * @param  Command å‘½ä»¤å­—/åœ°å€
  61            * @retval è¯»å‡ºçš„æ•°æ®
  62            */
  63          unsigned char DS1302_ReadByte(unsigned char Command)
  64          {
  65   1        unsigned char i,Data=0x00;
  66   1        Command|=0x01;  //å°†æŒ‡ä»¤è½¬æ¢ä¸ºè¯»æŒ‡ä»¤
  67   1        DS1302_CE=1;
  68   1        for(i=0;i<8;i++)
  69   1        {
  70   2          DS1302_IO=Command&(0x01<<i);
  71   2          DS1302_SCLK=0;
  72   2          DS1302_SCLK=1;
  73   2        }
  74   1        for(i=0;i<8;i++)
  75   1        {
  76   2          DS1302_SCLK=1;
  77   2          DS1302_SCLK=0;
  78   2          if(DS1302_IO){Data|=(0x01<<i);}
  79   2        }
  80   1        DS1302_CE=0;
  81   1        DS1302_IO=0;  //è¯»å–åå°†IOè®¾ç½®ä¸º0ï¼Œå¦åˆ™è¯»å‡ºçš„æ•°æ®ä¼šå‡ºé”™
  82   1        return Data;
  83   1      }
  84          
  85          /**
  86            * @brief  DS1302è®¾ç½®æ—¶é—´ï¼Œè°ƒç”¨ä¹‹åï¼ŒDS1302_Timeæ•°ç»„çš„æ•°å­—ä¼šè¢«è®¾ç½®åˆ°DS1302ä¸­
  87            * @param  æ— 
  88            * @retval æ— 
  89            */
  90          void DS1302_SetTime(void)
  91          {
  92   1        
  93   1        DS1302_WriteByte(DS1302_YEAR,DS1302_Time[0]/10*16+DS1302_Time[0]%10);//åè¿›åˆ¶è½¬BCDç åå†™å…¥
  94   1        DS1302_WriteByte(DS1302_MONTH,DS1302_Time[1]/10*16+DS1302_Time[1]%10);
  95   1        DS1302_WriteByte(DS1302_DATE,DS1302_Time[2]/10*16+DS1302_Time[2]%10);
  96   1        DS1302_WriteByte(DS1302_HOUR,DS1302_Time[3]/10*16+DS1302_Time[3]%10);
  97   1        DS1302_WriteByte(DS1302_MINUTE,DS1302_Time[4]/10*16+DS1302_Time[4]%10);
  98   1        DS1302_WriteByte(DS1302_SECOND,DS1302_Time[5]/10*16+DS1302_Time[5]%10);
  99   1        DS1302_WriteByte(DS1302_DAY,DS1302_Time[6]/10*16+DS1302_Time[6]%10);
 100   1        
 101   1      }
 102          
 103          /**
 104            * @brief  DS1302è¯»å–æ—¶é—´ï¼Œè°ƒç”¨ä¹‹åï¼ŒDS1302ä¸­çš„æ•°æ®ä¼šè¢«è¯»å–åˆ°DS1302_Timeæ•°ç»„ä¸­
 105            * @param  æ— 
 106            * @retval æ— 
 107            */
 108          void DS1302_ReadTime(void)
 109          {
 110   1        unsigned char Temp;
 111   1        Temp=DS1302_ReadByte(DS1302_YEAR);
 112   1        DS1302_Time[0]=Temp/16*10+Temp%16;//BCDç è½¬åè¿›åˆ¶åè¯»å–
 113   1        Temp=DS1302_ReadByte(DS1302_MONTH);
 114   1        DS1302_Time[1]=Temp/16*10+Temp%16;
 115   1        Temp=DS1302_ReadByte(DS1302_DATE);
C51 COMPILER V9.60.0.0   DS1302                                                            09/01/2023 10:34:29 PAGE 3   

 116   1        DS1302_Time[2]=Temp/16*10+Temp%16;
 117   1        Temp=DS1302_ReadByte(DS1302_HOUR);
 118   1        DS1302_Time[3]=Temp/16*10+Temp%16;
 119   1        Temp=DS1302_ReadByte(DS1302_MINUTE);
 120   1        DS1302_Time[4]=Temp/16*10+Temp%16;
 121   1        Temp=DS1302_ReadByte(DS1302_SECOND);
 122   1        DS1302_Time[5]=Temp/16*10+Temp%16;
 123   1        Temp=DS1302_ReadByte(DS1302_DAY);
 124   1        DS1302_Time[6]=Temp/16*10+Temp%16;
 125   1        
 126   1        AT24C02_WriteByte(2,DS1302_Time[0]);
 127   1        Delay(5);
 128   1        AT24C02_WriteByte(3,DS1302_Time[1]);
 129   1        Delay(5);
 130   1        AT24C02_WriteByte(4,DS1302_Time[2]);
 131   1        Delay(5);
 132   1        AT24C02_WriteByte(5,DS1302_Time[3]);
 133   1        Delay(5);
 134   1        AT24C02_WriteByte(6,DS1302_Time[4]);
 135   1        Delay(5);
 136   1        AT24C02_WriteByte(7,DS1302_Time[6]);
 137   1        Delay(5);
 138   1        
 139   1      }


MODULE INFORMATION:   STATIC OVERLAYABLE
   CODE SIZE        =    673    ----
   CONSTANT SIZE    =   ----    ----
   XDATA SIZE       =   ----    ----
   PDATA SIZE       =   ----    ----
   DATA SIZE        =      7       2
   IDATA SIZE       =   ----    ----
   BIT SIZE         =   ----    ----
END OF MODULE INFORMATION.


C51 COMPILATION COMPLETE.  0 WARNING(S),  0 ERROR(S)
