C51 COMPILER V9.60.0.0   MAIN                                                              09/01/2023 10:49:10 PAGE 1   


C51 COMPILER V9.60.0.0, COMPILATION OF MODULE MAIN
OBJECT MODULE PLACED IN .\Objects\main.obj
COMPILER INVOKED BY: D:\Keil_v5\C51\BIN\C51.EXE main.c OPTIMIZE(8,SPEED) BROWSE DEBUG OBJECTEXTEND PRINT(.\Listings\main
                    -.lst) TABS(2) OBJECT(.\Objects\main.obj)

line level    source

   1          #include <REGX52.H>
   2          #include "LCD1602.h"
   3          #include "DS18B20.h"
   4          #include "Delay.h"
   5          #include "AT24C02.h"
   6          #include "Key.h"
   7          #include "Timer0.h"
   8          #include "MatrixKey.h"
   9          #include "Buzzer.h"
  10          #include <stdio.h>
  11          #include "DS1302.h"
  12          float T,TShow;
  13          char temperature[10],Day[5];
  14          char TLow,THigh;
  15          unsigned char KeyNum, MatrixKeyNum;
  16          unsigned char has_buzzer; 
  17          unsigned char KeyNum,MODE,TimeSetSelect,TimeSetFlashFlag,Year = 20;
  18          
  19          void TimeShow(void)//时间显示功能
  20          {
  21   1        DS1302_ReadTime();//读取时间
  22   1        
  23   1          LCD_ShowNum(1,1,Year,2);//显示年
  24   1        LCD_ShowNum(1,3,DS1302_Time[0],2);//显示年
  25   1        LCD_ShowNum(1,6,DS1302_Time[1],2);//显示月
  26   1        LCD_ShowNum(1,9,DS1302_Time[2],2);//显示日
  27   1                   
  28   1        LCD_ShowNum(2,1,DS1302_Time[3],2);//显示时
  29   1        LCD_ShowNum(2,4,DS1302_Time[4],2);//显示分
  30   1        LCD_ShowNum(2,7,DS1302_Time[5],2);//显示秒
  31   1      
  32   1          if(DS1302_Time[6] == 0)LCD_ShowString(1,14,"Mon");
  33   1          else if(DS1302_Time[6] == 1)LCD_ShowString(1,14,"Tue");
  34   1          else if(DS1302_Time[6] == 2)LCD_ShowString(1,14,"Wed");
  35   1          else if(DS1302_Time[6] == 3)LCD_ShowString(1,14,"Thu");
  36   1          else if(DS1302_Time[6] == 4)LCD_ShowString(1,14,"Fri");
  37   1          else if(DS1302_Time[6] == 5)LCD_ShowString(1,14,"Sat");
  38   1          else if(DS1302_Time[6] == 6)LCD_ShowString(1,14,"Sun"); //显示星期
  39   1      }
  40          
  41          void TimeSet(void)//时间设置功能
  42          {
  43   1          
  44   1        if(MatrixKeyNum==2)//按键2按下
  45   1        {
  46   2          TimeSetSelect++;//设置选择位加1
  47   2          TimeSetSelect%=7;//越界清零
  48   2        }
  49   1        if(MatrixKeyNum==3)//按键3按下
  50   1        {
  51   2              
  52   2          DS1302_Time[TimeSetSelect]++;//时间设置位数值加1
  53   2          if(DS1302_Time[0]>99){DS1302_Time[0]=0;Year++;}//年越界判断
  54   2          if(DS1302_Time[1]>12){DS1302_Time[1]=1;}//月越界判断
C51 COMPILER V9.60.0.0   MAIN                                                              09/01/2023 10:49:10 PAGE 2   

  55   2          if( DS1302_Time[1]==1 || DS1302_Time[1]==3 || DS1302_Time[1]==5 || DS1302_Time[1]==7 || 
  56   2            DS1302_Time[1]==8 || DS1302_Time[1]==10 || DS1302_Time[1]==12)//日越界判断
  57   2          {
  58   3            if(DS1302_Time[2]>31){DS1302_Time[2]=1;}//大月
  59   3          }
  60   2          else if(DS1302_Time[1]==4 || DS1302_Time[1]==6 || DS1302_Time[1]==9 || DS1302_Time[1]==11)
  61   2          {
  62   3            if(DS1302_Time[2]>30){DS1302_Time[2]=1;}//小月
  63   3          }
  64   2          else if(DS1302_Time[1]==2)
  65   2          {
  66   3            if(DS1302_Time[0]%4==0)
  67   3            {
  68   4              if(DS1302_Time[2]>29){DS1302_Time[2]=1;}//闰年2月
  69   4            }
  70   3            else
  71   3            {
  72   4              if(DS1302_Time[2]>28){DS1302_Time[2]=1;}//平年2月
  73   4            }
  74   3          }
  75   2          if(DS1302_Time[3]>23){DS1302_Time[3]=0;}//时越界判断
  76   2          if(DS1302_Time[4]>59){DS1302_Time[4]=0;}//分越界判断
  77   2          if(DS1302_Time[5]>59){DS1302_Time[5]=0;}//秒越界判断
  78   2              if(DS1302_Time[6]>6){DS1302_Time[6]=0;}
  79   2        }
  80   1        if(MatrixKeyNum==4)//按键4按下
  81   1        {
  82   2          DS1302_Time[TimeSetSelect]--;//时间设置位数值减1
  83   2          if(DS1302_Time[0]<0){DS1302_Time[0]=99;Year--;}//年越界判断
  84   2          if(DS1302_Time[1]<1){DS1302_Time[1]=12;}//月越界判断
  85   2          if( DS1302_Time[1]==1 || DS1302_Time[1]==3 || DS1302_Time[1]==5 || DS1302_Time[1]==7 || 
  86   2            DS1302_Time[1]==8 || DS1302_Time[1]==10 || DS1302_Time[1]==12)//日越界判断
  87   2          {
  88   3            if(DS1302_Time[2]<1){DS1302_Time[2]=31;}//大月
  89   3            if(DS1302_Time[2]>31){DS1302_Time[2]=1;}
  90   3          }
  91   2          else if(DS1302_Time[1]==4 || DS1302_Time[1]==6 || DS1302_Time[1]==9 || DS1302_Time[1]==11)
  92   2          {
  93   3            if(DS1302_Time[2]<1){DS1302_Time[2]=30;}//小月
  94   3            if(DS1302_Time[2]>30){DS1302_Time[2]=1;}
  95   3          }
  96   2          else if(DS1302_Time[1]==2)
  97   2          {
  98   3            if(DS1302_Time[0]%4==0)
  99   3            {
 100   4              if(DS1302_Time[2]<1){DS1302_Time[2]=29;}//闰年2月
 101   4              if(DS1302_Time[2]>29){DS1302_Time[2]=1;}
 102   4            }
 103   3            else
 104   3            {
 105   4              if(DS1302_Time[2]<1){DS1302_Time[2]=28;}//平年2月
 106   4              if(DS1302_Time[2]>28){DS1302_Time[2]=1;}
 107   4            }
 108   3                  
 109   3          }
 110   2          if(DS1302_Time[3]<0){DS1302_Time[3]=23;}//时越界判断
 111   2          if(DS1302_Time[4]<0){DS1302_Time[4]=59;}//分越界判断
 112   2          if(DS1302_Time[5]<0){DS1302_Time[5]=59;}//秒越界判断
 113   2              if(DS1302_Time[6]<0){DS1302_Time[6]=6;}
 114   2              
 115   2        }
 116   1        //更新显示，根据TimeSetSelect和TimeSetFlashFlag判断可完成闪烁功能
C51 COMPILER V9.60.0.0   MAIN                                                              09/01/2023 10:49:10 PAGE 3   

 117   1        if(TimeSetSelect==0 && TimeSetFlashFlag==1){LCD_ShowString(1,1,"    ");}
 118   1        else { 
 119   2              LCD_ShowNum(1,1,Year,2);
 120   2              LCD_ShowNum(1,3,DS1302_Time[0],2);
 121   2              }
 122   1        if(TimeSetSelect==1 && TimeSetFlashFlag==1){LCD_ShowString(1,6,"  ");}
 123   1        else {LCD_ShowNum(1,6,DS1302_Time[1],2);}
 124   1        if(TimeSetSelect==2 && TimeSetFlashFlag==1){LCD_ShowString(1,9,"  ");}
 125   1        else {LCD_ShowNum(1,9,DS1302_Time[2],2);}
 126   1        if(TimeSetSelect==3 && TimeSetFlashFlag==1){LCD_ShowString(2,1,"  ");}
 127   1        else {LCD_ShowNum(2,1,DS1302_Time[3],2);}
 128   1        if(TimeSetSelect==4 && TimeSetFlashFlag==1){LCD_ShowString(2,4,"  ");}
 129   1        else {LCD_ShowNum(2,4,DS1302_Time[4],2);}
 130   1        if(TimeSetSelect==5 && TimeSetFlashFlag==1){LCD_ShowString(2,7,"  ");}
 131   1        else {LCD_ShowNum(2,7,DS1302_Time[5],2);}
 132   1          if(TimeSetSelect==6 && TimeSetFlashFlag==1){LCD_ShowString(1,14,"   ");}
 133   1        else {
 134   2              if(DS1302_Time[6] == 0)LCD_ShowString(1,14,"Mon");
 135   2              else if(DS1302_Time[6] == 1)LCD_ShowString(1,14,"Tue");
 136   2              else if(DS1302_Time[6] == 2)LCD_ShowString(1,14,"Wed");
 137   2              else if(DS1302_Time[6] == 3)LCD_ShowString(1,14,"Thu");
 138   2              else if(DS1302_Time[6] == 4)LCD_ShowString(1,14,"Fri");
 139   2              else if(DS1302_Time[6] == 5)LCD_ShowString(1,14,"Sat");
 140   2              else if(DS1302_Time[6] == 6)LCD_ShowString(1,14,"Sun");
 141   2          }
 142   1      
 143   1         
 144   1      }
 145          
 146          void main()
 147          {
 148   1      
 149   1          while(1)
 150   1          {
 151   2              
 152   2              Timer0_Init();
 153   2              LCD_Init();
 154   2              LCD_ShowString(1,1,"Welcome!");
 155   2              LCD_ShowString(2,1,"Model1 Model2");
 156   2              Delay(500);
 157   2              KeyNum=Key();
 158   2               
 159   2              if(KeyNum == 1)
 160   2              {
 161   3                  
 162   3                  DS18B20_ConvertT();   //上电先转换一次温度，防止第一次读数据错误
 163   3                  Delay(1000);      //等待转换完成
 164   3                  THigh=AT24C02_ReadByte(0);  //读取温度阈值数据
 165   3                  TLow=AT24C02_ReadByte(1);
 166   3                  if(THigh>125 || TLow<-55 || THigh<=TLow)
 167   3                  {
 168   4                      THigh=20;     //如果阈值非法，则设为默认值
 169   4                      TLow=15;
 170   4                  }
 171   3                  LCD_Init();
 172   3                  LCD_ShowString(1,1,"T:");
 173   3                  LCD_ShowString(1,10,"B:");
 174   3                  LCD_ShowString(2,1,"TH:");
 175   3                  LCD_ShowString(2,9,"TL:");
 176   3                  LCD_ShowSignedNum(2,4,THigh,3);
 177   3                  LCD_ShowSignedNum(2,12,TLow,3);
 178   3                 
C51 COMPILER V9.60.0.0   MAIN                                                              09/01/2023 10:49:10 PAGE 4   

 179   3                  while(1)
 180   3                  {
 181   4                      MatrixKeyNum=MatrixKey();
 182   4                      
 183   4                      /*温度读取及显示*/
 184   4                      DS18B20_ConvertT(); //转换温度
 185   4                      T=DS18B20_ReadT();  //读取温度
 186   4                      sprintf(temperature, "%.2f", T);
 187   4                      LCD_ShowString(1,3,temperature);
 188   4                      if(has_buzzer) LCD_ShowString(1,12,"P");
 189   4                      else LCD_ShowString(1,12,"O");
 190   4                      /*阈值判断及显示*/
 191   4                      if(MatrixKeyNum)
 192   4                      {
 193   5                          if(MatrixKeyNum==1) //K1按键，THigh自增
 194   5                          {
 195   6                              THigh++;
 196   6                              if(THigh>125){THigh=125;}
 197   6                          }
 198   5                          if(MatrixKeyNum==2) //K2按键，THigh自减
 199   5                          {
 200   6                              THigh--;
 201   6                              if(THigh<=TLow){THigh++;}
 202   6                          }
 203   5                          if(MatrixKeyNum==3) //K3按键，TLow自增
 204   5                          {
 205   6                              TLow++;
 206   6                              if(TLow>=THigh){TLow--;}
 207   6                          }
 208   5                          if(MatrixKeyNum==4) //K4按键，TLow自减
 209   5                          {
 210   6                              TLow--;
 211   6                              if(TLow<-55){TLow=-55;}
 212   6                          }
 213   5                          if(MatrixKeyNum==5){
 214   6                              has_buzzer = !has_buzzer;
 215   6                          }
 216   5                          if(MatrixKeyNum==6)break;
 217   5                          
 218   5                          LCD_ShowSignedNum(2,4,THigh,3); //显示阈值数据
 219   5                          LCD_ShowSignedNum(2,12,TLow,3);
 220   5                          AT24C02_WriteByte(0,THigh);   //写入到At24C02中保存
 221   5                          Delay(5);
 222   5                          AT24C02_WriteByte(1,TLow);
 223   5                          Delay(5);
 224   5                      }
 225   4                      if(T>THigh)     //越界判断
 226   4                      {
 227   5                          if(has_buzzer)Buzzer_Time(200);
 228   5                          LCD_ShowString(1,14,"!!!");
 229   5                      }
 230   4                      else if(T<TLow)
 231   4                      {
 232   5                          if(has_buzzer)Buzzer_Time(100);
 233   5                          LCD_ShowString(1,14,"!!!");
 234   5                      }
 235   4                      else
 236   4                      {
 237   5                          LCD_ShowString(1,14,"---");
 238   5                      }
 239   4                  }
 240   3              }
C51 COMPILER V9.60.0.0   MAIN                                                              09/01/2023 10:49:10 PAGE 5   

 241   2              
 242   2              if(KeyNum == 2)
 243   2              {
 244   3                  LCD_Init();
 245   3                  DS1302_Init();
 246   3                 
 247   3                  LCD_ShowString(1,1,"    -  -  ");//静态字符初始化显示
 248   3                  LCD_ShowString(2,1,"  :  :  ");
 249   3      
 250   3                  DS1302_Time[0] = AT24C02_ReadByte(2);
 251   3                  DS1302_Time[1] = AT24C02_ReadByte(3);
 252   3                  DS1302_Time[2] = AT24C02_ReadByte(4);
 253   3                  DS1302_Time[3] = AT24C02_ReadByte(5);
 254   3                  DS1302_Time[4] = AT24C02_ReadByte(6);
 255   3                  DS1302_Time[6] = AT24C02_ReadByte(7);
 256   3                  
 257   3                  DS1302_SetTime();//设置时间
 258   3                 
 259   3      
 260   3                  
 261   3                  while(1)
 262   3                  {
 263   4                      MatrixKeyNum=MatrixKey();//读取键码
 264   4                      if(MatrixKeyNum==1)//按键1按下
 265   4                      {
 266   5                          if(MODE==0){MODE=1;TimeSetSelect=0;}//功能切换
 267   5                          else if(MODE==1)
 268   5                          {
 269   6                              MODE=0;
 270   6                              // DS1302_WriteByte(0x8E,0x00);
 271   6                              DS1302_SetTime();
 272   6                              // DS1302_WriteByte(0x8E,0x80);
 273   6                          }
 274   5                          
 275   5                      }
 276   4                      else if(MatrixKeyNum == 6)break;
 277   4                      switch(MODE)//根据不同的功能执行不同的函数
 278   4                      {
 279   5                          case 0:
 280   5                              TimeShow();
 281   5                              
 282   5                              break;
 283   5                          case 1:TimeSet();break;
 284   5                      }
 285   4                  }
 286   3              }
 287   2              // else if(KeyNum == 3){
 288   2      
 289   2              //     while(1){
 290   2              //         LCD_Init();
 291   2                       
 292   2              //         LCD_ShowNum(1,1,AT24C02_ReadByte(3),3);
 293   2              //         LCD_ShowNum(1,6,AT24C02_ReadByte(2),3);
 294   2              //     }
 295   2              // }
 296   2          }
 297   1      
 298   1      }
 299          
 300          
 301          void Timer0_Routine() interrupt 1
 302          {
C51 COMPILER V9.60.0.0   MAIN                                                              09/01/2023 10:49:10 PAGE 6   

 303   1        static unsigned int T0Count;
 304   1          static unsigned int T1Count;
 305   1        TL0 = 0x18;   //设置定时初值
 306   1        TH0 = 0xFC;   //设置定时初值
 307   1        T0Count++;
 308   1          T1Count++;
 309   1        if(T0Count>=20)
 310   1        {
 311   2          T0Count=0;
 312   2          Key_Loop();
 313   2              MatrixKey_Loop(); //每20ms调用一次按键驱动函数
*** WARNING C206 IN LINE 313 OF main.c: 'MatrixKey_Loop': missing function-prototype
 314   2             
 315   2        }
 316   1          if(T1Count>=500){
 317   2              T1Count=0;
 318   2              TimeSetFlashFlag=!TimeSetFlashFlag;//闪烁标志位取反
 319   2          }
 320   1      }


MODULE INFORMATION:   STATIC OVERLAYABLE
   CODE SIZE        =   2349    ----
   CONSTANT SIZE    =    114    ----
   XDATA SIZE       =   ----    ----
   PDATA SIZE       =   ----    ----
   DATA SIZE        =     36    ----
   IDATA SIZE       =   ----    ----
   BIT SIZE         =   ----    ----
END OF MODULE INFORMATION.


C51 COMPILATION COMPLETE.  1 WARNING(S),  0 ERROR(S)
