C51 COMPILER V9.60.0.0   MATRIXKEY                                                         08/27/2023 10:50:28 PAGE 1   


C51 COMPILER V9.60.0.0, COMPILATION OF MODULE MATRIXKEY
OBJECT MODULE PLACED IN .\Objects\MatrixKey.obj
COMPILER INVOKED BY: D:\Keil_v5\C51\BIN\C51.EXE MatrixKey.c OPTIMIZE(8,SPEED) BROWSE DEBUG OBJECTEXTEND PRINT(.\Listings
                    -\MatrixKey.lst) TABS(2) OBJECT(.\Objects\MatrixKey.obj)

line level    source

   1          #include <REGX52.H>
   2          #include "Delay.h"
   3          unsigned char MatrixKey_KeyNumber;
   4          
   5          
   6          
   7          unsigned char MatrixKey(void)
   8          {
   9   1        unsigned char Temp=0;
  10   1        Temp=MatrixKey_KeyNumber;
  11   1        MatrixKey_KeyNumber=0;
  12   1        return Temp;
  13   1      }
  14          /**
  15            * @brief  çŸ©é˜µé”®ç›˜è¯»å–æŒ‰é”®é”®ç 
  16            * @param  æ— 
  17            * @retval KeyNumber æŒ‰ä¸‹æŒ‰é”®çš„é”®ç å€¼
  18                å¦‚æœæŒ‰é”®æŒ‰ä¸‹ä¸æ”¾ï¼Œç¨‹åºä¼šåœç•™åœ¨æ­¤å‡½æ•°ï¼Œæ¾æ‰‹çš„ä¸€ç¬é—´ï¼Œè¿”å›æŒ‰é”®é”®ç ï¼Œæ²¡æ
             -œ‰æŒ‰é”®æŒ‰ä¸‹æ—¶ï¼Œè¿”å›0
  19            */
  20          unsigned char MatrixKey_GetState()
  21          {
  22   1        unsigned char KeyNumber=0;
  23   1        
  24   1        P1=0xFF;
  25   1        P1_3=0;
  26   1        if(P1_7==0){Delay(20);while(P1_7==0);Delay(20);KeyNumber=1;}
  27   1        if(P1_6==0){Delay(20);while(P1_6==0);Delay(20);KeyNumber=5;}
  28   1        if(P1_5==0){Delay(20);while(P1_5==0);Delay(20);KeyNumber=9;}
  29   1        if(P1_4==0){Delay(20);while(P1_4==0);Delay(20);KeyNumber=13;}
  30   1        
  31   1        P1=0xFF;
  32   1        P1_2=0;
  33   1        if(P1_7==0){Delay(20);while(P1_7==0);Delay(20);KeyNumber=2;}
  34   1        if(P1_6==0){Delay(20);while(P1_6==0);Delay(20);KeyNumber=6;}
  35   1        if(P1_5==0){Delay(20);while(P1_5==0);Delay(20);KeyNumber=10;}
  36   1        if(P1_4==0){Delay(20);while(P1_4==0);Delay(20);KeyNumber=14;}
  37   1        
  38   1        P1=0xFF;
  39   1        P1_1=0;
  40   1        if(P1_7==0){Delay(20);while(P1_7==0);Delay(20);KeyNumber=3;}
  41   1        if(P1_6==0){Delay(20);while(P1_6==0);Delay(20);KeyNumber=7;}
  42   1        if(P1_5==0){Delay(20);while(P1_5==0);Delay(20);KeyNumber=11;}
  43   1        if(P1_4==0){Delay(20);while(P1_4==0);Delay(20);KeyNumber=15;}
  44   1        
  45   1        P1=0xFF;
  46   1        P1_0=0;
  47   1        if(P1_7==0){Delay(20);while(P1_7==0);Delay(20);KeyNumber=4;}
  48   1        if(P1_6==0){Delay(20);while(P1_6==0);Delay(20);KeyNumber=8;}
  49   1        if(P1_5==0){Delay(20);while(P1_5==0);Delay(20);KeyNumber=12;}
  50   1        if(P1_4==0){Delay(20);while(P1_4==0);Delay(20);KeyNumber=16;}
  51   1        
  52   1        return KeyNumber;
  53   1      }
C51 COMPILER V9.60.0.0   MATRIXKEY                                                         08/27/2023 10:50:28 PAGE 2   

  54          
  55          void MatrixKey_Loop(void)
  56          {
  57   1        static unsigned char NowState,LastState;
  58   1        LastState=NowState;       //æŒ‰é”®çŠ¶æ€æ›´æ–°
  59   1        NowState=MatrixKey_GetState();    //è·å–å½“å‰æŒ‰é”®çŠ¶æ€
  60   1        //å¦‚æœä¸Šä¸ªæ—¶é—´ç‚¹æŒ‰é”®æŒ‰ä¸‹ï¼Œè¿™ä¸ªæ—¶é—´ç‚¹æœªæŒ‰ä¸‹ï¼Œåˆ™æ˜¯æ¾æ‰‹ç¬é—´ï¼Œä»¥æ­¤é¿å…æ¶ˆæŠ–å
             -’Œæ¾æ‰‹æ£€æµ‹
  61   1        if(LastState==1 && NowState==0)
  62   1        {
  63   2          MatrixKey_KeyNumber=1;
  64   2        }
  65   1        if(LastState==2 && NowState==0)
  66   1        {
  67   2          MatrixKey_KeyNumber=2;
  68   2        }
  69   1        if(LastState==3 && NowState==0)
  70   1        {
  71   2          MatrixKey_KeyNumber=3;
  72   2        }
  73   1        if(LastState==4 && NowState==0)
  74   1        {
  75   2          MatrixKey_KeyNumber=4;
  76   2        }
  77   1        if(LastState==5 && NowState==0)
  78   1        {
  79   2          MatrixKey_KeyNumber=5;
  80   2        }
  81   1        if(LastState==6 && NowState==0)
  82   1        {
  83   2          MatrixKey_KeyNumber=6;
  84   2        }
  85   1        if(LastState==7 && NowState==0)
  86   1        {
  87   2          MatrixKey_KeyNumber=7;
  88   2        }
  89   1        if(LastState==8 && NowState==0)
  90   1        {
  91   2          MatrixKey_KeyNumber=8;
  92   2        }
  93   1        if(LastState==9 && NowState==0)
  94   1        {
  95   2          MatrixKey_KeyNumber=9;
  96   2        }
  97   1        if(LastState==10 && NowState==0)
  98   1        {
  99   2          MatrixKey_KeyNumber=10;
 100   2        }
 101   1        if(LastState==11 && NowState==0)
 102   1        {
 103   2          MatrixKey_KeyNumber=11;
 104   2        }
 105   1        if(LastState==12 && NowState==0)
 106   1        {
 107   2          MatrixKey_KeyNumber=12;
 108   2        }
 109   1        if(LastState==13 && NowState==0)
 110   1        {
 111   2          MatrixKey_KeyNumber=13;
 112   2        }
 113   1        if(LastState==14 && NowState==0)
 114   1        {
C51 COMPILER V9.60.0.0   MATRIXKEY                                                         08/27/2023 10:50:28 PAGE 3   

 115   2          MatrixKey_KeyNumber=14;
 116   2        }
 117   1        if(LastState==15 && NowState==0)
 118   1        {
 119   2          MatrixKey_KeyNumber=15;
 120   2        }
 121   1        if(LastState==16 && NowState==0)
 122   1        {
 123   2          MatrixKey_KeyNumber=16;
 124   2        }
 125   1      }


MODULE INFORMATION:   STATIC OVERLAYABLE
   CODE SIZE        =    631    ----
   CONSTANT SIZE    =   ----    ----
   XDATA SIZE       =   ----    ----
   PDATA SIZE       =   ----    ----
   DATA SIZE        =      3       1
   IDATA SIZE       =   ----    ----
   BIT SIZE         =   ----    ----
END OF MODULE INFORMATION.


C51 COMPILATION COMPLETE.  0 WARNING(S),  0 ERROR(S)
