C51 COMPILER V9.60.0.0   TIMEUTILS                                                         08/28/2023 09:28:05 PAGE 1   


C51 COMPILER V9.60.0.0, COMPILATION OF MODULE TIMEUTILS
OBJECT MODULE PLACED IN .\Objects\TimeUtils.obj
COMPILER INVOKED BY: D:\Keil_v5\C51\BIN\C51.EXE TimeUtils.c OPTIMIZE(8,SPEED) BROWSE DEBUG OBJECTEXTEND PRINT(.\Listings
                    -\TimeUtils.lst) TABS(2) OBJECT(.\Objects\TimeUtils.obj)

line level    source

   1          #include <REGX52.H>
   2          #include "DS1302.h"
   3          unsigned char MatrixKeyNum, KeyNum,MODE,TimeSetSelect,TimeSetFlashFlag;
   4          void TimeShow(void)//时间显示功能
   5          {
   6   1        DS1302_ReadTime();//读取时间
   7   1        LCD_ShowNum(1,1,DS1302_Time[0],2);//显示年
*** WARNING C206 IN LINE 7 OF TimeUtils.c: 'LCD_ShowNum': missing function-prototype
*** ERROR C267 IN LINE 7 OF TimeUtils.c: 'LCD_ShowNum': requires ANSI-style prototype
   8   1        LCD_ShowNum(1,4,DS1302_Time[1],2);//显示月
   9   1        LCD_ShowNum(1,7,DS1302_Time[2],2);//显示日
  10   1        LCD_ShowNum(2,1,DS1302_Time[3],2);//显示时
  11   1        LCD_ShowNum(2,4,DS1302_Time[4],2);//显示分
  12   1        LCD_ShowNum(2,7,DS1302_Time[5],2);//显示秒
  13   1      }
  14          
  15          void TimeSet(void)//时间设置功能
  16          {
  17   1        if(MatrixKeyNum==2)//按键2按下
  18   1        {
  19   2          TimeSetSelect++;//设置选择位加1
  20   2          TimeSetSelect%=6;//越界清零
  21   2        }
  22   1        if(MatrixKeyNum==3)//按键3按下
  23   1        {
  24   2          DS1302_Time[TimeSetSelect]++;//时间设置位数值加1
*** ERROR C187 IN LINE 24 OF TimeUtils.c: not an lvalue
  25   2          if(DS1302_Time[0]>99){DS1302_Time[0]=0;}//年越界判断
  26   2          if(DS1302_Time[1]>12){DS1302_Time[1]=1;}//月越界判断
  27   2          if( DS1302_Time[1]==1 || DS1302_Time[1]==3 || DS1302_Time[1]==5 || DS1302_Time[1]==7 || 
  28   2            DS1302_Time[1]==8 || DS1302_Time[1]==10 || DS1302_Time[1]==12)//日越界判断
  29   2          {
  30   3            if(DS1302_Time[2]>31){DS1302_Time[2]=1;}//大月
  31   3          }
  32   2          else if(DS1302_Time[1]==4 || DS1302_Time[1]==6 || DS1302_Time[1]==9 || DS1302_Time[1]==11)
  33   2          {
  34   3            if(DS1302_Time[2]>30){DS1302_Time[2]=1;}//小月
  35   3          }
  36   2          else if(DS1302_Time[1]==2)
  37   2          {
  38   3            if(DS1302_Time[0]%4==0)
  39   3            {
  40   4              if(DS1302_Time[2]>29){DS1302_Time[2]=1;}//闰年2月
  41   4            }
  42   3            else
  43   3            {
  44   4              if(DS1302_Time[2]>28){DS1302_Time[2]=1;}//平年2月
  45   4            }
  46   3          }
  47   2          if(DS1302_Time[3]>23){DS1302_Time[3]=0;}//时越界判断
  48   2          if(DS1302_Time[4]>59){DS1302_Time[4]=0;}//分越界判断
  49   2          if(DS1302_Time[5]>59){DS1302_Time[5]=0;}//秒越界判断
  50   2        }
  51   1        if(MatrixKeyNum==4)//按键4按下
C51 COMPILER V9.60.0.0   TIMEUTILS                                                         08/28/2023 09:28:05 PAGE 2   

  52   1        {
  53   2          DS1302_Time[TimeSetSelect]--;//时间设置位数值减1
*** ERROR C187 IN LINE 53 OF TimeUtils.c: not an lvalue
  54   2          if(DS1302_Time[0]<0){DS1302_Time[0]=99;}//年越界判断
  55   2          if(DS1302_Time[1]<1){DS1302_Time[1]=12;}//月越界判断
  56   2          if( DS1302_Time[1]==1 || DS1302_Time[1]==3 || DS1302_Time[1]==5 || DS1302_Time[1]==7 || 
  57   2            DS1302_Time[1]==8 || DS1302_Time[1]==10 || DS1302_Time[1]==12)//日越界判断
  58   2          {
  59   3            if(DS1302_Time[2]<1){DS1302_Time[2]=31;}//大月
  60   3            if(DS1302_Time[2]>31){DS1302_Time[2]=1;}
  61   3          }
  62   2          else if(DS1302_Time[1]==4 || DS1302_Time[1]==6 || DS1302_Time[1]==9 || DS1302_Time[1]==11)
  63   2          {
  64   3            if(DS1302_Time[2]<1){DS1302_Time[2]=30;}//小月
  65   3            if(DS1302_Time[2]>30){DS1302_Time[2]=1;}
  66   3          }
  67   2          else if(DS1302_Time[1]==2)
  68   2          {
  69   3            if(DS1302_Time[0]%4==0)
  70   3            {
  71   4              if(DS1302_Time[2]<1){DS1302_Time[2]=29;}//闰年2月
  72   4              if(DS1302_Time[2]>29){DS1302_Time[2]=1;}
  73   4            }
  74   3            else
  75   3            {
  76   4              if(DS1302_Time[2]<1){DS1302_Time[2]=28;}//平年2月
  77   4              if(DS1302_Time[2]>28){DS1302_Time[2]=1;}
  78   4            }
  79   3          }
  80   2          if(DS1302_Time[3]<0){DS1302_Time[3]=23;}//时越界判断
  81   2          if(DS1302_Time[4]<0){DS1302_Time[4]=59;}//分越界判断
  82   2          if(DS1302_Time[5]<0){DS1302_Time[5]=59;}//秒越界判断
  83   2        }
  84   1        //更新显示，根据TimeSetSelect和TimeSetFlashFlag判断可完成闪烁功能
  85   1        if(TimeSetSelect==0 && TimeSetFlashFlag==1){LCD_ShowString(1,1,"  ");}
  86   1        else {LCD_ShowNum(1,1,DS1302_Time[0],2);}
  87   1        if(TimeSetSelect==1 && TimeSetFlashFlag==1){LCD_ShowString(1,4,"  ");}
  88   1        else {LCD_ShowNum(1,4,DS1302_Time[1],2);}
  89   1        if(TimeSetSelect==2 && TimeSetFlashFlag==1){LCD_ShowString(1,7,"  ");}
  90   1        else {LCD_ShowNum(1,7,DS1302_Time[2],2);}
  91   1        if(TimeSetSelect==3 && TimeSetFlashFlag==1){LCD_ShowString(2,1,"  ");}
  92   1        else {LCD_ShowNum(2,1,DS1302_Time[3],2);}
  93   1        if(TimeSetSelect==4 && TimeSetFlashFlag==1){LCD_ShowString(2,4,"  ");}
  94   1        else {LCD_ShowNum(2,4,DS1302_Time[4],2);}
  95   1        if(TimeSetSelect==5 && TimeSetFlashFlag==1){LCD_ShowString(2,7,"  ");}
  96   1        else {LCD_ShowNum(2,7,DS1302_Time[5],2);}
  97   1      
  98   1      }

C51 COMPILATION COMPLETE.  1 WARNING(S),  3 ERROR(S)
